[web.archive.org/web/20220914010754/https_/www.proofofmemes.org/index.html]
[archive.org/includes/analytics2a5b.js]
[web-static.archive.org/_static/js/bundle-playback8833.js]
[web-static.archive.org/_static/js/wombat9b8c.js]
[web-static.archive.org/_static/js/ruffle.js]
[web-static.archive.org/_static/css/banner-styles52e6.css]
[backblue.gif]
[fade.gif]
[index.html]
[web-static.archive.org/_static/css/iconochive8307.css]
[web.archive.org/web/20220914014814cs_/http_/proofofmemes.org/wp-includes/css/dist/block-library/style.min5b21.css]
[web.archive.org/web/20220914014727cs_/http_/proofofmemes.org/wp-content/themes/cryptlight/style4b68.css]
[web.archive.org/web/20220914020737cs_/http_/proofofmemes.org/wp-content/themes/cryptlight-child/style8a54.css]
[web.archive.org/web/20231020131655cs_/http_/proofofmemes.org/wp-content/themes/cryptlight/assets/libs/carousel/assets/owl.carousel.min.html]
[web.archive.org/web/20220914022206cs_/http_/proofofmemes.org/wp-content/themes/cryptlight/assets/libs/ovaicon/font/ovaicon.css]
[web.archive.org/web/20220914014758cs_/http_/proofofmemes.org/wp-content/themes/cryptlight/assets/libs/icons/icons.css]
[web.archive.org/web/20220914022202cs_/http_/proofofmemes.org/wp-content/themes/cryptlight/assets/libs/iconly/css/style.css]
[web.archive.org/web/20220914014813cs_/http_/proofofmemes.org/wp-content/themes/cryptlight/assets/libs/icomoon/style.css]
[web.archive.org/web/20220914022205cs_/http_/proofofmemes.org/wp-content/plugins/elementor/assets/lib/eicons/css/elementor-icons.mine900.css]
[web.archive.org/web/20220914033904cs_/http_/proofofmemes.org/wp-content/plugins/elementor/assets/css/frontend-lite.min10cb.css]
[web.archive.org/web/20220914022206cs_/http_/proofofmemes.org/wp-content/uploads/elementor/css/post-63f37.css]
[web.archive.org/web/20220914014820cs_/http_/proofofmemes.org/wp-content/plugins/elementor-pro/assets/css/frontend-lite.min5aed.css]
[web.archive.org/web/20220915145625cs_/https_/proofofmemes.org/wp-content/plugins/ultimate-elementor/assets/min-css/uael-frontend.min2cd3.css]
[web.archive.org/web/20220914030128cs_/http_/proofofmemes.org/wp-content/uploads/elementor/css/globalcf88.css]
[web.archive.org/web/20220914022202cs_/http_/proofofmemes.org/wp-content/uploads/elementor/css/post-84c17.css]
[web.archive.org/web/20220914020646cs_/http_/proofofmemes.org/wp-content/plugins/elementor/assets/lib/font-awesome/css/fontawesome.min52d5.css]
[web.archive.org/web/20220914020350cs_/http_/proofofmemes.org/wp-content/plugins/elementor/assets/lib/font-awesome/css/solid.min52d5.css]
[web.archive.org/web/20220914014203cs_/http_/proofofmemes.org/wp-content/plugins/elementor/assets/lib/font-awesome/css/brands.min52d5.css]
[web.archive.org/web/20220914014908cs_/http_/proofofmemes.org/wp-content/plugins/elementor/assets/lib/font-awesome/css/regular.min52d5.css]
[web.archive.org/web/20220915145622js_/https_/proofofmemes.org/wp-includes/js/jquery/jquery.minaf6c.js]
[web.archive.org/web/20220914014920js_/http_/proofofmemes.org/wp-includes/js/jquery/jquery-migrate.mind617.js]
[web-static.archive.org/_static/images/toolbar/wayback-toolbar-logo-200.png]
[web-static.archive.org/_static/images/toolbar/wm_tb_prv_off.png]
[web-static.archive.org/_static/images/toolbar/wm_tb_nxt_on.png]
[wiki.archiveteam.org/e/e6/Archiveteam.36.delayed]
[web-static.archive.org/_static/images/loading.gif]
[web.archive.org/web/20220914015641im_/http_/proofofmemes.org/wp-content/uploads/2022/09/Picsart_22-09-13_16-19-02-732-modified.png]
[web.archive.org/web/20220914014815im_/http_/proofofmemes.org/wp-content/uploads/2022/03/5a521fb92f93c7a8d5137fd1-1024x257.png]
[web.archive.org/web/20220914014725im_/http_/proofofmemes.org/wp-content/uploads/2022/03/1_FmGu7rDXdu1qZjPfe0CyaQ.png]
[web.archive.org/web/20220914010828im_/http_/proofofmemes.org/wp-content/uploads/2022/03/etherscan-logo-big.png]
[web.archive.org/web/20220914022206im_/http_/proofofmemes.org/wp-content/uploads/2022/04/pngwing.com-64-683x1024.png]
[web.archive.org/web/20220914015129im_/http_/proofofmemes.org/wp-content/uploads/2022/09/1_204SJgkt_QxuKLZ0qM5zqg.jpg]
[web.archive.org/web/20220914022202cs_/http_/proofofmemes.org/wp-content/plugins/elementor/assets/lib/animations/animations.min10cb.css]
[web.archive.org/web/20220915145623js_/https_/proofofmemes.org/wp-content/themes/cryptlight/assets/libs/carousel/owl.carousel.min.js]
[web.archive.org/web/20220914022205js_/http_/proofofmemes.org/wp-content/themes/cryptlight/assets/libs/chart/chart.min.js]
[web.archive.org/web/20220914022206js_/http_/proofofmemes.org/wp-content/themes/cryptlight/assets/js/script.js]
[web.archive.org/web/20220914022207js_/http_/proofofmemes.org/wp-content/plugins/ultimate-elementor/assets/min-js/uael-nav-menu.min2cd3.js]
[web.archive.org/web/20220914010907js_/http_/proofofmemes.org/wp-content/plugins/ultimate-elementor/assets/lib/jquery-element-resize/jquery_resize.min2cd3.js]
[web.archive.org/web/20220914010835js_/http_/proofofmemes.org/wp-content/plugins/ultimate-elementor/assets/lib/js-cookie/js_cookie.min2cd3.js]
[web.archive.org/web/20220914014909js_/http_/proofofmemes.org/wp-content/plugins/ultimate-elementor/assets/min-js/uael-frontend.min2cd3.js]
[web.archive.org/web/20220914030037js_/http_/proofofmemes.org/wp-content/plugins/ultimate-elementor/assets/lib/infinitescroll/jquery.infinitescroll.min2cd3.js]
[web.archive.org/web/20220915145630js_/https_/proofofmemes.org/wp-content/plugins/elementor-pro/assets/js/webpack-pro.runtime.min5aed.js]
[web.archive.org/web/20220914014802js_/http_/proofofmemes.org/wp-content/plugins/elementor/assets/js/webpack.runtime.min10cb.js]
[web.archive.org/web/20220914014739js_/http_/proofofmemes.org/wp-content/plugins/elementor/assets/js/frontend-modules.min10cb.js]
[web.archive.org/web/20220914022205js_/http_/proofofmemes.org/wp-includes/js/dist/vendor/regenerator-runtime.min3937.js]
[web.archive.org/web/20220914020421js_/http_/proofofmemes.org/wp-includes/js/dist/vendor/wp-polyfill.min2c7c.js]
[web.archive.org/web/20220914015117js_/http_/proofofmemes.org/wp-includes/js/dist/hooks.mincbb5.js]
[web.archive.org/web/20220914022205js_/http_/proofofmemes.org/wp-includes/js/dist/i18n.min771a.js]
[web.archive.org/web/20220914014843js_/http_/proofofmemes.org/wp-content/plugins/elementor-pro/assets/js/frontend.min5aed.js]
[web.archive.org/web/20220915145622js_/https_/proofofmemes.org/wp-content/plugins/elementor/assets/lib/waypoints/waypoints.min05da.js]
[web.archive.org/web/20220915145620js_/https_/proofofmemes.org/wp-includes/js/jquery/ui/core.min0028.js]
[web.archive.org/web/20220914020630js_/http_/proofofmemes.org/wp-content/plugins/elementor/assets/js/frontend.min10cb.js]
[web.archive.org/web/20220914010754/https_/www.proofofmemes.org/index.html]
[analytics.archive.org/0.gif]
[archive.org/includes/analytics2a5b.js]
[web.archive.org/web/20220914010906js_/http_/proofofmemes.org/wp-content/plugins/elementor-pro/assets/js/elements-handlers.min5aed.js]
[web-static.archive.org/_static/css/banner-styles52e6.css]
[web-static.archive.org/_static/css/iconochive8307.css]
[web.archive.org/web/20220914014814cs_/http_/proofofmemes.org/wp-includes/css/dist/block-library/style.min5b21.css]
[web-static.archive.org/_static/css/record.css]
[web.archive.org/web/20220914014727im_/http_/proofofmemes.org/wp-content/themes/cryptlight/assets/img/base/select_arrow.png]
[web.archive.org/web/20220914014727cs_/http_/proofofmemes.org/wp-content/themes/cryptlight/style4b68.css]
[web.archive.org/web/20220914020737cs_/http_/proofofmemes.org/wp-content/themes/cryptlight-child/style8a54.css]
[web.archive.org/web/2/http_/bjZpXlLvg.js]
[web.archive.org/web/20231020131655cs_/http_/proofofmemes.org/wp-content/themes/cryptlight/assets/libs/carousel/assets/owl.carousel.min.html]
[web.archive.org/web/20220914022206cs_/http_/proofofmemes.org/wp-content/themes/cryptlight/assets/libs/ovaicon/font/ovaicon.css]
[web.archive.org/web/20220914014758cs_/http_/proofofmemes.org/wp-content/themes/cryptlight/assets/libs/icons/icons.css]
[web.archive.org/web/20220914022202cs_/http_/proofofmemes.org/wp-content/themes/cryptlight/assets/libs/iconly/css/style.css]
[web.archive.org/web/20220914014813cs_/http_/proofofmemes.org/wp-content/themes/cryptlight/assets/libs/icomoon/style.css]
[web.archive.org/web/20220914022205cs_/http_/proofofmemes.org/wp-content/plugins/elementor/assets/lib/eicons/css/elementor-icons.mine900.css]
[web.archive.org/web/20220914033904cs_/http_/proofofmemes.org/wp-content/plugins/elementor/assets/css/frontend-lite.min10cb.css]
[web.archive.org/web/20220914022206cs_/http_/proofofmemes.org/wp-content/uploads/elementor/css/post-63f37.css]
[web.archive.org/web/20220914014820cs_/http_/proofofmemes.org/wp-content/plugins/elementor-pro/assets/css/frontend-lite.min5aed.css]
[web.archive.org/web/20220915145625cs_/https_/proofofmemes.org/wp-content/plugins/ultimate-elementor/assets/min-css/uael-frontend.min2cd3.css]
[web.archive.org/web/20220914030128cs_/http_/proofofmemes.org/wp-content/uploads/elementor/css/globalcf88.css]
[web.archive.org/web/20220914022204im_/http_/proofofmemes.org/wp-content/uploads/2022/09/1_204SJgkt_QxuKLZ0qM5zqg.jpg]
[web.archive.org/web/20220405084618im_/https_/cking.live/wp-content/uploads/2022/04/fffrfff.jpg]
[web.archive.org/web/20220914022202cs_/http_/proofofmemes.org/wp-content/uploads/elementor/css/post-84c17.css]
[web.archive.org/web/20220914020646cs_/http_/proofofmemes.org/wp-content/plugins/elementor/assets/lib/font-awesome/css/fontawesome.min52d5.css]
[web.archive.org/web/20220914020350cs_/http_/proofofmemes.org/wp-content/plugins/elementor/assets/lib/font-awesome/css/solid.min52d5.css]
[web.archive.org/web/20220914014203cs_/http_/proofofmemes.org/wp-content/plugins/elementor/assets/lib/font-awesome/css/brands.min52d5.css]
[web.archive.org/web/20220914014908cs_/http_/proofofmemes.org/wp-content/plugins/elementor/assets/lib/font-awesome/css/regular.min52d5.css]
[wiki.archiveteam.org/e/e6/Archiveteam.html]
[web.archive.org/web/20220914022202cs_/http_/proofofmemes.org/wp-content/plugins/elementor/assets/lib/animations/animations.min10cb.css]
[web-static.archive.org/_static/css/record.css]
[web.archive.org/web/20220914014727im_/http_/proofofmemes.org/wp-content/themes/cryptlight/assets/img/base/select_arrow.html]
[web.archive.org/web/2/http_/bjZpXlLvg.html]
